<<<<<<< HEAD
﻿
=======
﻿Build started 1/20/2020 1:01:37 PM.
     1>Project "C:\Users\lungyu\Documents\Visual Studio 2013\Projects\SystemAPIProgramPractice\WindowsPractice\HookMouseKeyboard\HookMouseKeyboard.vcxproj" on node 2 (Build target(s)).
     1>ClCompile:
         C:\Program Files (x86)\Microsoft Visual Studio 12.0\VC\bin\CL.exe /c /ZI /nologo /W3 /WX- /sdl /Od /Oy- /D _MBCS /Gm /EHsc /RTC1 /MDd /GS /fp:precise /Zc:wchar_t /Zc:forScope /Fo"Debug\\" /Fd"Debug\vc120.pdb" /Gd /TP /analyze- /errorReport:prompt Source.cpp
         Source.cpp
     1>c:\users\lungyu\documents\visual studio 2013\projects\systemapiprogrampractice\windowspractice\hookmousekeyboard\source.cpp(96): warning C4101: 'pData' : unreferenced local variable
     1>c:\users\lungyu\documents\visual studio 2013\projects\systemapiprogrampractice\windowspractice\hookmousekeyboard\source.cpp(96): warning C4101: 'mData' : unreferenced local variable
     1>c:\users\lungyu\documents\visual studio 2013\projects\systemapiprogrampractice\windowspractice\hookmousekeyboard\source.cpp(144): warning C4101: 'pData' : unreferenced local variable
     1>c:\users\lungyu\documents\visual studio 2013\projects\systemapiprogrampractice\windowspractice\hookmousekeyboard\source.cpp(144): warning C4101: 'mData' : unreferenced local variable
     1>c:\users\lungyu\documents\visual studio 2013\projects\systemapiprogrampractice\windowspractice\hookmousekeyboard\source.cpp(87): warning C4715: 'WindowProcedure' : not all control paths return a value
       Link:
         C:\Program Files (x86)\Microsoft Visual Studio 12.0\VC\bin\link.exe /ERRORREPORT:PROMPT /OUT:"C:\Users\lungyu\Documents\Visual Studio 2013\Projects\SystemAPIProgramPractice\WindowsPractice\Debug\HookMouseKeyboard.exe" /INCREMENTAL /NOLOGO kernel32.lib user32.lib gdi32.lib winspool.lib comdlg32.lib advapi32.lib shell32.lib ole32.lib oleaut32.lib uuid.lib odbc32.lib odbccp32.lib /MANIFEST /MANIFESTUAC:"level='asInvoker' uiAccess='false'" /manifest:embed /DEBUG /PDB:"C:\Users\lungyu\Documents\Visual Studio 2013\Projects\SystemAPIProgramPractice\WindowsPractice\Debug\HookMouseKeyboard.pdb" /TLBID:1 /DYNAMICBASE /NXCOMPAT /IMPLIB:"C:\Users\lungyu\Documents\Visual Studio 2013\Projects\SystemAPIProgramPractice\WindowsPractice\Debug\HookMouseKeyboard.lib" /MACHINE:X86 Debug\Source.obj
         HookMouseKeyboard.vcxproj -> C:\Users\lungyu\Documents\Visual Studio 2013\Projects\SystemAPIProgramPractice\WindowsPractice\Debug\HookMouseKeyboard.exe
     1>Done Building Project "C:\Users\lungyu\Documents\Visual Studio 2013\Projects\SystemAPIProgramPractice\WindowsPractice\HookMouseKeyboard\HookMouseKeyboard.vcxproj" (Build target(s)).

Build succeeded.

Time Elapsed 00:00:00.60
>>>>>>> hook
